# JRE version: Java(TM) SE Runtime Environment (8.0_31-b13) (build 1.8.0_31-b13)
# Java VM: Java HotSpot(TM) 64-Bit Server VM (25.31-b07 mixed mode windows-amd64 compressed oops)
Heap:
 PSYoungGen      total 201728K, used 182040K [0x00000000eab00000, 0x00000000f9c80000, 0x0000000100000000)
  eden space 188416K, 96% used [0x00000000eab00000,0x00000000f5cc6110,0x00000000f6300000)
  from space 13312K, 0% used [0x00000000f7380000,0x00000000f7380000,0x00000000f8080000)
  to   space 16896K, 0% used [0x00000000f6300000,0x00000000f6300000,0x00000000f7380000)
 ParOldGen       total 93184K, used 25489K [0x00000000c0000000, 0x00000000c5b00000, 0x00000000eab00000)
  object space 93184K, 27% used [0x00000000c0000000,0x00000000c18e4630,0x00000000c5b00000)
 Metaspace       used 40165K, capacity 41056K, committed 41216K, reserved 1085440K
  class space    used 5588K, capacity 5822K, committed 5888K, reserved 1048576K
GC Heap History (10 events):
Event: 1.847 GC heap before
{Heap before GC invocations=6 (full 1):
 PSYoungGen      total 71680K, used 5112K [0x00000000eab00000, 0x00000000f4300000, 0x0000000100000000)
  eden space 66560K, 0% used [0x00000000eab00000,0x00000000eab00000,0x00000000eec00000)
  from space 5120K, 99% used [0x00000000eec00000,0x00000000ef0fe060,0x00000000ef100000)
  to   space 11264K, 0% used [0x00000000f3800000,0x00000000f3800000,0x00000000f4300000)
 ParOldGen       total 87552K, used 9967K [0x00000000c0000000, 0x00000000c5580000, 0x00000000eab00000)
  object space 87552K, 11% used [0x00000000c0000000,0x00000000c09bbca8,0x00000000c5580000)
 Metaspace       used 20908K, capacity 21202K, committed 21296K, reserved 1067008K
  class space    used 2810K, capacity 2915K, committed 2944K, reserved 1048576K
Event: 1.885 GC heap after
Heap after GC invocations=6 (full 1):
 PSYoungGen      total 71680K, used 0K [0x00000000eab00000, 0x00000000f4300000, 0x0000000100000000)
  eden space 66560K, 0% used [0x00000000eab00000,0x00000000eab00000,0x00000000eec00000)
  from space 5120K, 0% used [0x00000000eec00000,0x00000000eec00000,0x00000000ef100000)
  to   space 11264K, 0% used [0x00000000f3800000,0x00000000f3800000,0x00000000f4300000)
 ParOldGen       total 58368K, used 11062K [0x00000000c0000000, 0x00000000c3900000, 0x00000000eab00000)
  object space 58368K, 18% used [0x00000000c0000000,0x00000000c0acd988,0x00000000c3900000)
 Metaspace       used 20906K, capacity 21200K, committed 21296K, reserved 1067008K
  class space    used 2809K, capacity 2914K, committed 2944K, reserved 1048576K
}
Event: 2.533 GC heap before
{Heap before GC invocations=7 (full 1):
 PSYoungGen      total 71680K, used 66560K [0x00000000eab00000, 0x00000000f4300000, 0x0000000100000000)
  eden space 66560K, 100% used [0x00000000eab00000,0x00000000eec00000,0x00000000eec00000)
  from space 5120K, 0% used [0x00000000eec00000,0x00000000eec00000,0x00000000ef100000)
  to   space 11264K, 0% used [0x00000000f3800000,0x00000000f3800000,0x00000000f4300000)
 ParOldGen       total 58368K, used 11062K [0x00000000c0000000, 0x00000000c3900000, 0x00000000eab00000)
  object space 58368K, 18% used [0x00000000c0000000,0x00000000c0acd988,0x00000000c3900000)
 Metaspace       used 26545K, capacity 26952K, committed 27136K, reserved 1073152K
  class space    used 3620K, capacity 3735K, committed 3840K, reserved 1048576K
Event: 2.539 GC heap after
Heap after GC invocations=7 (full 1):
 PSYoungGen      total 121344K, used 6175K [0x00000000eab00000, 0x00000000f3e80000, 0x0000000100000000)
  eden space 114688K, 0% used [0x00000000eab00000,0x00000000eab00000,0x00000000f1b00000)
  from space 6656K, 92% used [0x00000000f3800000,0x00000000f3e07f48,0x00000000f3e80000)
  to   space 10752K, 0% used [0x00000000f2980000,0x00000000f2980000,0x00000000f3400000)
 ParOldGen       total 58368K, used 11070K [0x00000000c0000000, 0x00000000c3900000, 0x00000000eab00000)
  object space 58368K, 18% used [0x00000000c0000000,0x00000000c0acf988,0x00000000c3900000)
 Metaspace       used 26545K, capacity 26952K, committed 27136K, reserved 1073152K
  class space    used 3620K, capacity 3735K, committed 3840K, reserved 1048576K
}
Event: 3.543 GC heap before
{Heap before GC invocations=8 (full 1):
 PSYoungGen      total 121344K, used 120863K [0x00000000eab00000, 0x00000000f3e80000, 0x0000000100000000)
  eden space 114688K, 100% used [0x00000000eab00000,0x00000000f1b00000,0x00000000f1b00000)
  from space 6656K, 92% used [0x00000000f3800000,0x00000000f3e07f48,0x00000000f3e80000)
  to   space 10752K, 0% used [0x00000000f2980000,0x00000000f2980000,0x00000000f3400000)
 ParOldGen       total 58368K, used 11070K [0x00000000c0000000, 0x00000000c3900000, 0x00000000eab00000)
  object space 58368K, 18% used [0x00000000c0000000,0x00000000c0acf988,0x00000000c3900000)
 Metaspace       used 32169K, capacity 32768K, committed 33024K, reserved 1077248K
  class space    used 4382K, capacity 4555K, committed 4608K, reserved 1048576K
Event: 3.554 GC heap after
Heap after GC invocations=8 (full 1):
 PSYoungGen      total 140288K, used 10734K [0x00000000eab00000, 0x00000000f8080000, 0x0000000100000000)
  eden space 129536K, 0% used [0x00000000eab00000,0x00000000eab00000,0x00000000f2980000)
  from space 10752K, 99% used [0x00000000f2980000,0x00000000f33fbba0,0x00000000f3400000)
  to   space 13312K, 0% used [0x00000000f7380000,0x00000000f7380000,0x00000000f8080000)
 ParOldGen       total 58368K, used 13227K [0x00000000c0000000, 0x00000000c3900000, 0x00000000eab00000)
  object space 58368K, 22% used [0x00000000c0000000,0x00000000c0ceae40,0x00000000c3900000)
 Metaspace       used 32169K, capacity 32768K, committed 33024K, reserved 1077248K
  class space    used 4382K, capacity 4555K, committed 4608K, reserved 1048576K
}
Event: 4.072 GC heap before
{Heap before GC invocations=9 (full 1):
 PSYoungGen      total 140288K, used 86402K [0x00000000eab00000, 0x00000000f8080000, 0x0000000100000000)
  eden space 129536K, 58% used [0x00000000eab00000,0x00000000ef4e4e50,0x00000000f2980000)
  from space 10752K, 99% used [0x00000000f2980000,0x00000000f33fbba0,0x00000000f3400000)
  to   space 13312K, 0% used [0x00000000f7380000,0x00000000f7380000,0x00000000f8080000)
 ParOldGen       total 58368K, used 13227K [0x00000000c0000000, 0x00000000c3900000, 0x00000000eab00000)
  object space 58368K, 22% used [0x00000000c0000000,0x00000000c0ceae40,0x00000000c3900000)
 Metaspace       used 34704K, capacity 35354K, committed 35456K, reserved 1079296K
  class space    used 4760K, capacity 4940K, committed 4992K, reserved 1048576K
Event: 4.084 GC heap after
Heap after GC invocations=9 (full 1):
 PSYoungGen      total 201728K, used 13290K [0x00000000eab00000, 0x00000000f9c80000, 0x0000000100000000)
  eden space 188416K, 0% used [0x00000000eab00000,0x00000000eab00000,0x00000000f6300000)
  from space 13312K, 99% used [0x00000000f7380000,0x00000000f807a958,0x00000000f8080000)
  to   space 16896K, 0% used [0x00000000f6300000,0x00000000f6300000,0x00000000f7380000)
 ParOldGen       total 58368K, used 17504K [0x00000000c0000000, 0x00000000c3900000, 0x00000000eab00000)
  object space 58368K, 29% used [0x00000000c0000000,0x00000000c1118288,0x00000000c3900000)
 Metaspace       used 34704K, capacity 35354K, committed 35456K, reserved 1079296K
  class space    used 4760K, capacity 4940K, committed 4992K, reserved 1048576K
}
Event: 4.084 GC heap before
{Heap before GC invocations=10 (full 2):
 PSYoungGen      total 201728K, used 13290K [0x00000000eab00000, 0x00000000f9c80000, 0x0000000100000000)
  eden space 188416K, 0% used [0x00000000eab00000,0x00000000eab00000,0x00000000f6300000)
  from space 13312K, 99% used [0x00000000f7380000,0x00000000f807a958,0x00000000f8080000)
  to   space 16896K, 0% used [0x00000000f6300000,0x00000000f6300000,0x00000000f7380000)
 ParOldGen       total 58368K, used 17504K [0x00000000c0000000, 0x00000000c3900000, 0x00000000eab00000)
  object space 58368K, 29% used [0x00000000c0000000,0x00000000c1118288,0x00000000c3900000)
 Metaspace       used 34704K, capacity 35354K, committed 35456K, reserved 1079296K
  class space    used 4760K, capacity 4940K, committed 4992K, reserved 1048576K
Event: 4.190 GC heap after
Heap after GC invocations=10 (full 2):
 PSYoungGen      total 201728K, used 0K [0x00000000eab00000, 0x00000000f9c80000, 0x0000000100000000)
  eden space 188416K, 0% used [0x00000000eab00000,0x00000000eab00000,0x00000000f6300000)
  from space 13312K, 0% used [0x00000000f7380000,0x00000000f7380000,0x00000000f8080000)
  to   space 16896K, 0% used [0x00000000f6300000,0x00000000f6300000,0x00000000f7380000)
 ParOldGen       total 93184K, used 25489K [0x00000000c0000000, 0x00000000c5b00000, 0x00000000eab00000)
  object space 93184K, 27% used [0x00000000c0000000,0x00000000c18e4630,0x00000000c5b00000)
 Metaspace       used 34704K, capacity 35354K, committed 35456K, reserved 1079296K
  class space    used 4760K, capacity 4940K, committed 4992K, reserved 1048576K
}

