# JRE version: Java(TM) SE Runtime Environment (8.0_31-b13) (build 1.8.0_31-b13)
# Java VM: Java HotSpot(TM) 64-Bit Server VM (25.31-b07 mixed mode windows-amd64 compressed oops)
Heap:
 PSYoungGen      total 186368K, used 158281K [0x00000000eab00000, 0x00000000f9080000, 0x0000000100000000)
  eden space 163328K, 93% used [0x00000000eab00000,0x00000000f40ca420,0x00000000f4a80000)
  from space 23040K, 21% used [0x00000000f6000000,0x00000000f64c8000,0x00000000f7680000)
  to   space 22016K, 0% used [0x00000000f4a80000,0x00000000f4a80000,0x00000000f6000000)
 ParOldGen       total 107008K, used 38645K [0x00000000c0000000, 0x00000000c6880000, 0x00000000eab00000)
  object space 107008K, 36% used [0x00000000c0000000,0x00000000c25bd508,0x00000000c6880000)
 Metaspace       used 51290K, capacity 53342K, committed 53632K, reserved 1095680K
  class space    used 6949K, capacity 7427K, committed 7552K, reserved 1048576K
GC Heap History (10 events):
Event: 6.268 GC heap before
{Heap before GC invocations=11 (full 2):
 PSYoungGen      total 146944K, used 13282K [0x00000000eab00000, 0x00000000f6e00000, 0x0000000100000000)
  eden space 133632K, 0% used [0x00000000eab00000,0x00000000eab00000,0x00000000f2d80000)
  from space 13312K, 99% used [0x00000000f2d80000,0x00000000f3a78b98,0x00000000f3a80000)
  to   space 15872K, 0% used [0x00000000f5e80000,0x00000000f5e80000,0x00000000f6e00000)
 ParOldGen       total 62976K, used 9487K [0x00000000c0000000, 0x00000000c3d80000, 0x00000000eab00000)
  object space 62976K, 15% used [0x00000000c0000000,0x00000000c0943de0,0x00000000c3d80000)
 Metaspace       used 34636K, capacity 35356K, committed 35496K, reserved 1079296K
  class space    used 4648K, capacity 4835K, committed 4864K, reserved 1048576K
Event: 6.357 GC heap after
Heap after GC invocations=11 (full 2):
 PSYoungGen      total 146944K, used 0K [0x00000000eab00000, 0x00000000f6e00000, 0x0000000100000000)
  eden space 133632K, 0% used [0x00000000eab00000,0x00000000eab00000,0x00000000f2d80000)
  from space 13312K, 0% used [0x00000000f2d80000,0x00000000f2d80000,0x00000000f3a80000)
  to   space 15872K, 0% used [0x00000000f5e80000,0x00000000f5e80000,0x00000000f6e00000)
 ParOldGen       total 107008K, used 20855K [0x00000000c0000000, 0x00000000c6880000, 0x00000000eab00000)
  object space 107008K, 19% used [0x00000000c0000000,0x00000000c145ded8,0x00000000c6880000)
 Metaspace       used 34616K, capacity 35334K, committed 35496K, reserved 1079296K
  class space    used 4642K, capacity 4829K, committed 4864K, reserved 1048576K
}
Event: 9.066 GC heap before
{Heap before GC invocations=12 (full 2):
 PSYoungGen      total 146944K, used 133632K [0x00000000eab00000, 0x00000000f6e00000, 0x0000000100000000)
  eden space 133632K, 100% used [0x00000000eab00000,0x00000000f2d80000,0x00000000f2d80000)
  from space 13312K, 0% used [0x00000000f2d80000,0x00000000f2d80000,0x00000000f3a80000)
  to   space 15872K, 0% used [0x00000000f5e80000,0x00000000f5e80000,0x00000000f6e00000)
 ParOldGen       total 107008K, used 20855K [0x00000000c0000000, 0x00000000c6880000, 0x00000000eab00000)
  object space 107008K, 19% used [0x00000000c0000000,0x00000000c145ded8,0x00000000c6880000)
 Metaspace       used 39230K, capacity 40132K, committed 40192K, reserved 1083392K
  class space    used 5352K, capacity 5580K, committed 5632K, reserved 1048576K
Event: 9.091 GC heap after
Heap after GC invocations=12 (full 2):
 PSYoungGen      total 178176K, used 15843K [0x00000000eab00000, 0x00000000f6e00000, 0x0000000100000000)
  eden space 162304K, 0% used [0x00000000eab00000,0x00000000eab00000,0x00000000f4980000)
  from space 15872K, 99% used [0x00000000f5e80000,0x00000000f6df8e38,0x00000000f6e00000)
  to   space 18432K, 0% used [0x00000000f4a00000,0x00000000f4a00000,0x00000000f5c00000)
 ParOldGen       total 107008K, used 21679K [0x00000000c0000000, 0x00000000c6880000, 0x00000000eab00000)
  object space 107008K, 20% used [0x00000000c0000000,0x00000000c152bf98,0x00000000c6880000)
 Metaspace       used 39230K, capacity 40132K, committed 40192K, reserved 1083392K
  class space    used 5352K, capacity 5580K, committed 5632K, reserved 1048576K
}
Event: 12.993 GC heap before
{Heap before GC invocations=13 (full 2):
 PSYoungGen      total 178176K, used 114476K [0x00000000eab00000, 0x00000000f6e00000, 0x0000000100000000)
  eden space 162304K, 60% used [0x00000000eab00000,0x00000000f0b52368,0x00000000f4980000)
  from space 15872K, 99% used [0x00000000f5e80000,0x00000000f6df8e38,0x00000000f6e00000)
  to   space 18432K, 0% used [0x00000000f4a00000,0x00000000f4a00000,0x00000000f5c00000)
 ParOldGen       total 107008K, used 21679K [0x00000000c0000000, 0x00000000c6880000, 0x00000000eab00000)
  object space 107008K, 20% used [0x00000000c0000000,0x00000000c152bf98,0x00000000c6880000)
 Metaspace       used 42725K, capacity 44290K, committed 44544K, reserved 1087488K
  class space    used 5911K, capacity 6279K, committed 6400K, reserved 1048576K
Event: 13.079 GC heap after
Heap after GC invocations=13 (full 2):
 PSYoungGen      total 180736K, used 18426K [0x00000000eab00000, 0x00000000f7680000, 0x0000000100000000)
  eden space 162304K, 0% used [0x00000000eab00000,0x00000000eab00000,0x00000000f4980000)
  from space 18432K, 99% used [0x00000000f4a00000,0x00000000f5bfead0,0x00000000f5c00000)
  to   space 23040K, 0% used [0x00000000f6000000,0x00000000f6000000,0x00000000f7680000)
 ParOldGen       total 107008K, used 25583K [0x00000000c0000000, 0x00000000c6880000, 0x00000000eab00000)
  object space 107008K, 23% used [0x00000000c0000000,0x00000000c18fbcd0,0x00000000c6880000)
 Metaspace       used 42725K, capacity 44290K, committed 44544K, reserved 1087488K
  class space    used 5911K, capacity 6279K, committed 6400K, reserved 1048576K
}
Event: 13.079 GC heap before
{Heap before GC invocations=14 (full 3):
 PSYoungGen      total 180736K, used 18426K [0x00000000eab00000, 0x00000000f7680000, 0x0000000100000000)
  eden space 162304K, 0% used [0x00000000eab00000,0x00000000eab00000,0x00000000f4980000)
  from space 18432K, 99% used [0x00000000f4a00000,0x00000000f5bfead0,0x00000000f5c00000)
  to   space 23040K, 0% used [0x00000000f6000000,0x00000000f6000000,0x00000000f7680000)
 ParOldGen       total 107008K, used 25583K [0x00000000c0000000, 0x00000000c6880000, 0x00000000eab00000)
  object space 107008K, 23% used [0x00000000c0000000,0x00000000c18fbcd0,0x00000000c6880000)
 Metaspace       used 42725K, capacity 44290K, committed 44544K, reserved 1087488K
  class space    used 5911K, capacity 6279K, committed 6400K, reserved 1048576K
Event: 13.406 GC heap after
Heap after GC invocations=14 (full 3):
 PSYoungGen      total 180736K, used 0K [0x00000000eab00000, 0x00000000f7680000, 0x0000000100000000)
  eden space 162304K, 0% used [0x00000000eab00000,0x00000000eab00000,0x00000000f4980000)
  from space 18432K, 0% used [0x00000000f4a00000,0x00000000f4a00000,0x00000000f5c00000)
  to   space 23040K, 0% used [0x00000000f6000000,0x00000000f6000000,0x00000000f7680000)
 ParOldGen       total 107008K, used 38637K [0x00000000c0000000, 0x00000000c6880000, 0x00000000eab00000)
  object space 107008K, 36% used [0x00000000c0000000,0x00000000c25bb508,0x00000000c6880000)
 Metaspace       used 42725K, capacity 44290K, committed 44544K, reserved 1087488K
  class space    used 5911K, capacity 6279K, committed 6400K, reserved 1048576K
}
Event: 54.728 GC heap before
{Heap before GC invocations=15 (full 3):
 PSYoungGen      total 180736K, used 162304K [0x00000000eab00000, 0x00000000f7680000, 0x0000000100000000)
  eden space 162304K, 100% used [0x00000000eab00000,0x00000000f4980000,0x00000000f4980000)
  from space 18432K, 0% used [0x00000000f4a00000,0x00000000f4a00000,0x00000000f5c00000)
  to   space 23040K, 0% used [0x00000000f6000000,0x00000000f6000000,0x00000000f7680000)
 ParOldGen       total 107008K, used 38637K [0x00000000c0000000, 0x00000000c6880000, 0x00000000eab00000)
  object space 107008K, 36% used [0x00000000c0000000,0x00000000c25bb508,0x00000000c6880000)
 Metaspace       used 45107K, capacity 47104K, committed 47232K, reserved 1089536K
  class space    used 6217K, capacity 6663K, committed 6784K, reserved 1048576K
Event: 54.731 GC heap after
Heap after GC invocations=15 (full 3):
 PSYoungGen      total 186368K, used 4896K [0x00000000eab00000, 0x00000000f9080000, 0x0000000100000000)
  eden space 163328K, 0% used [0x00000000eab00000,0x00000000eab00000,0x00000000f4a80000)
  from space 23040K, 21% used [0x00000000f6000000,0x00000000f64c8000,0x00000000f7680000)
  to   space 22016K, 0% used [0x00000000f4a80000,0x00000000f4a80000,0x00000000f6000000)
 ParOldGen       total 107008K, used 38645K [0x00000000c0000000, 0x00000000c6880000, 0x00000000eab00000)
  object space 107008K, 36% used [0x00000000c0000000,0x00000000c25bd508,0x00000000c6880000)
 Metaspace       used 45107K, capacity 47104K, committed 47232K, reserved 1089536K
  class space    used 6217K, capacity 6663K, committed 6784K, reserved 1048576K
}

