# JRE version: Java(TM) SE Runtime Environment (8.0_31-b13) (build 1.8.0_31-b13)
# Java VM: Java HotSpot(TM) 64-Bit Server VM (25.31-b07 mixed mode windows-amd64 compressed oops)
Heap:
 PSYoungGen      total 163840K, used 113343K [0x00000000eab00000, 0x00000000f7400000, 0x0000000100000000)
  eden space 141312K, 77% used [0x00000000eab00000,0x00000000f1577f18,0x00000000f3500000)
  from space 22528K, 19% used [0x00000000f4a80000,0x00000000f4eb8000,0x00000000f6080000)
  to   space 22016K, 0% used [0x00000000f3500000,0x00000000f3500000,0x00000000f4a80000)
 ParOldGen       total 115712K, used 38976K [0x00000000c0000000, 0x00000000c7100000, 0x00000000eab00000)
  object space 115712K, 33% used [0x00000000c0000000,0x00000000c2610280,0x00000000c7100000)
 Metaspace       used 45789K, capacity 47780K, committed 48000K, reserved 1091584K
  class space    used 6307K, capacity 6750K, committed 6784K, reserved 1048576K
GC Heap History (10 events):
Event: 4.660 GC heap before
{Heap before GC invocations=11 (full 2):
 PSYoungGen      total 131584K, used 12799K [0x00000000eab00000, 0x00000000f5680000, 0x0000000100000000)
  eden space 118784K, 0% used [0x00000000eab00000,0x00000000eab00000,0x00000000f1f00000)
  from space 12800K, 99% used [0x00000000f1f00000,0x00000000f2b7fe30,0x00000000f2b80000)
  to   space 15872K, 0% used [0x00000000f4700000,0x00000000f4700000,0x00000000f5680000)
 ParOldGen       total 69120K, used 12677K [0x00000000c0000000, 0x00000000c4380000, 0x00000000eab00000)
  object space 69120K, 18% used [0x00000000c0000000,0x00000000c0c61758,0x00000000c4380000)
 Metaspace       used 34610K, capacity 35286K, committed 35496K, reserved 1079296K
  class space    used 4650K, capacity 4834K, committed 4864K, reserved 1048576K
Event: 4.736 GC heap after
Heap after GC invocations=11 (full 2):
 PSYoungGen      total 131584K, used 0K [0x00000000eab00000, 0x00000000f5680000, 0x0000000100000000)
  eden space 118784K, 0% used [0x00000000eab00000,0x00000000eab00000,0x00000000f1f00000)
  from space 12800K, 0% used [0x00000000f1f00000,0x00000000f1f00000,0x00000000f2b80000)
  to   space 15872K, 0% used [0x00000000f4700000,0x00000000f4700000,0x00000000f5680000)
 ParOldGen       total 115712K, used 20967K [0x00000000c0000000, 0x00000000c7100000, 0x00000000eab00000)
  object space 115712K, 18% used [0x00000000c0000000,0x00000000c1479e60,0x00000000c7100000)
 Metaspace       used 34591K, capacity 35264K, committed 35496K, reserved 1079296K
  class space    used 4644K, capacity 4828K, committed 4864K, reserved 1048576K
}
Event: 5.868 GC heap before
{Heap before GC invocations=12 (full 2):
 PSYoungGen      total 131584K, used 118784K [0x00000000eab00000, 0x00000000f5680000, 0x0000000100000000)
  eden space 118784K, 100% used [0x00000000eab00000,0x00000000f1f00000,0x00000000f1f00000)
  from space 12800K, 0% used [0x00000000f1f00000,0x00000000f1f00000,0x00000000f2b80000)
  to   space 15872K, 0% used [0x00000000f4700000,0x00000000f4700000,0x00000000f5680000)
 ParOldGen       total 115712K, used 20967K [0x00000000c0000000, 0x00000000c7100000, 0x00000000eab00000)
  object space 115712K, 18% used [0x00000000c0000000,0x00000000c1479e60,0x00000000c7100000)
 Metaspace       used 38475K, capacity 39384K, committed 39552K, reserved 1083392K
  class space    used 5233K, capacity 5437K, committed 5504K, reserved 1048576K
Event: 5.879 GC heap after
Heap after GC invocations=12 (full 2):
 PSYoungGen      total 156672K, used 15268K [0x00000000eab00000, 0x00000000f5780000, 0x0000000100000000)
  eden space 140800K, 0% used [0x00000000eab00000,0x00000000eab00000,0x00000000f3480000)
  from space 15872K, 96% used [0x00000000f4700000,0x00000000f55e90e8,0x00000000f5680000)
  to   space 17920K, 0% used [0x00000000f3480000,0x00000000f3480000,0x00000000f4600000)
 ParOldGen       total 115712K, used 20975K [0x00000000c0000000, 0x00000000c7100000, 0x00000000eab00000)
  object space 115712K, 18% used [0x00000000c0000000,0x00000000c147be60,0x00000000c7100000)
 Metaspace       used 38475K, capacity 39384K, committed 39552K, reserved 1083392K
  class space    used 5233K, capacity 5437K, committed 5504K, reserved 1048576K
}
Event: 6.739 GC heap before
{Heap before GC invocations=13 (full 2):
 PSYoungGen      total 156672K, used 130843K [0x00000000eab00000, 0x00000000f5780000, 0x0000000100000000)
  eden space 140800K, 82% used [0x00000000eab00000,0x00000000f1bdde60,0x00000000f3480000)
  from space 15872K, 96% used [0x00000000f4700000,0x00000000f55e90e8,0x00000000f5680000)
  to   space 17920K, 0% used [0x00000000f3480000,0x00000000f3480000,0x00000000f4600000)
 ParOldGen       total 115712K, used 20975K [0x00000000c0000000, 0x00000000c7100000, 0x00000000eab00000)
  object space 115712K, 18% used [0x00000000c0000000,0x00000000c147be60,0x00000000c7100000)
 Metaspace       used 42597K, capacity 44138K, committed 44288K, reserved 1087488K
  class space    used 5920K, capacity 6315K, committed 6400K, reserved 1048576K
Event: 6.758 GC heap after
Heap after GC invocations=13 (full 2):
 PSYoungGen      total 158720K, used 17898K [0x00000000eab00000, 0x00000000f6080000, 0x0000000100000000)
  eden space 140800K, 0% used [0x00000000eab00000,0x00000000eab00000,0x00000000f3480000)
  from space 17920K, 99% used [0x00000000f3480000,0x00000000f45faac0,0x00000000f4600000)
  to   space 22528K, 0% used [0x00000000f4a80000,0x00000000f4a80000,0x00000000f6080000)
 ParOldGen       total 115712K, used 25822K [0x00000000c0000000, 0x00000000c7100000, 0x00000000eab00000)
  object space 115712K, 22% used [0x00000000c0000000,0x00000000c1937ba0,0x00000000c7100000)
 Metaspace       used 42597K, capacity 44138K, committed 44288K, reserved 1087488K
  class space    used 5920K, capacity 6315K, committed 6400K, reserved 1048576K
}
Event: 6.758 GC heap before
{Heap before GC invocations=14 (full 3):
 PSYoungGen      total 158720K, used 17898K [0x00000000eab00000, 0x00000000f6080000, 0x0000000100000000)
  eden space 140800K, 0% used [0x00000000eab00000,0x00000000eab00000,0x00000000f3480000)
  from space 17920K, 99% used [0x00000000f3480000,0x00000000f45faac0,0x00000000f4600000)
  to   space 22528K, 0% used [0x00000000f4a80000,0x00000000f4a80000,0x00000000f6080000)
 ParOldGen       total 115712K, used 25822K [0x00000000c0000000, 0x00000000c7100000, 0x00000000eab00000)
  object space 115712K, 22% used [0x00000000c0000000,0x00000000c1937ba0,0x00000000c7100000)
 Metaspace       used 42597K, capacity 44138K, committed 44288K, reserved 1087488K
  class space    used 5920K, capacity 6315K, committed 6400K, reserved 1048576K
Event: 6.958 GC heap after
Heap after GC invocations=14 (full 3):
 PSYoungGen      total 158720K, used 0K [0x00000000eab00000, 0x00000000f6080000, 0x0000000100000000)
  eden space 140800K, 0% used [0x00000000eab00000,0x00000000eab00000,0x00000000f3480000)
  from space 17920K, 0% used [0x00000000f3480000,0x00000000f3480000,0x00000000f4600000)
  to   space 22528K, 0% used [0x00000000f4a80000,0x00000000f4a80000,0x00000000f6080000)
 ParOldGen       total 115712K, used 38968K [0x00000000c0000000, 0x00000000c7100000, 0x00000000eab00000)
  object space 115712K, 33% used [0x00000000c0000000,0x00000000c260e280,0x00000000c7100000)
 Metaspace       used 42597K, capacity 44138K, committed 44288K, reserved 1087488K
  class space    used 5920K, capacity 6315K, committed 6400K, reserved 1048576K
}
Event: 24.035 GC heap before
{Heap before GC invocations=15 (full 3):
 PSYoungGen      total 158720K, used 140800K [0x00000000eab00000, 0x00000000f6080000, 0x0000000100000000)
  eden space 140800K, 100% used [0x00000000eab00000,0x00000000f3480000,0x00000000f3480000)
  from space 17920K, 0% used [0x00000000f3480000,0x00000000f3480000,0x00000000f4600000)
  to   space 22528K, 0% used [0x00000000f4a80000,0x00000000f4a80000,0x00000000f6080000)
 ParOldGen       total 115712K, used 38968K [0x00000000c0000000, 0x00000000c7100000, 0x00000000eab00000)
  object space 115712K, 33% used [0x00000000c0000000,0x00000000c260e280,0x00000000c7100000)
 Metaspace       used 45084K, capacity 47018K, committed 47232K, reserved 1089536K
  class space    used 6222K, capacity 6662K, committed 6784K, reserved 1048576K
Event: 24.041 GC heap after
Heap after GC invocations=15 (full 3):
 PSYoungGen      total 163840K, used 4320K [0x00000000eab00000, 0x00000000f7400000, 0x0000000100000000)
  eden space 141312K, 0% used [0x00000000eab00000,0x00000000eab00000,0x00000000f3500000)
  from space 22528K, 19% used [0x00000000f4a80000,0x00000000f4eb8000,0x00000000f6080000)
  to   space 22016K, 0% used [0x00000000f3500000,0x00000000f3500000,0x00000000f4a80000)
 ParOldGen       total 115712K, used 38976K [0x00000000c0000000, 0x00000000c7100000, 0x00000000eab00000)
  object space 115712K, 33% used [0x00000000c0000000,0x00000000c2610280,0x00000000c7100000)
 Metaspace       used 45084K, capacity 47018K, committed 47232K, reserved 1089536K
  class space    used 6222K, capacity 6662K, committed 6784K, reserved 1048576K
}

